>>>>>> create_table.alusus

[32m>> Executing SQL:[0m
drop table if exists properties
[32m>> Executing SQL:[0m
drop table if exists "عقارات"
[32m>> Executing SQL:[0m
drop table if exists roles
[32m>> Executing SQL:[0m
drop table if exists users
[32m>> Executing SQL:[0m
CREATE TABLE IF NOT EXISTS "users"(
"id" INT NOT NULL UNIQUE,
"name" VARCHAR(90) NOT NULL UNIQUE DEFAULT 'me',
"address" VARCHAR(200),
PRIMARY KEY ("id")
);
[32m>> Executing SQL:[0m
CREATE TABLE IF NOT EXISTS "roles"(
"id" INT NOT NULL UNIQUE,
"name" VARCHAR(90) NOT NULL UNIQUE DEFAULT 'viewer',
"userId" INT,
PRIMARY KEY ("id"),
FOREIGN KEY ("userId") REFERENCES "users"("id")
);



>>>>>> insert_rows.alusus

[32m>> Executing SQL:[0m
delete from roles
[32m>> Executing SQL:[0m
delete from users
[32m>> Executing SQL:[0m
INSERT INTO users("id", "name", "address")
VALUES ('150', 'Sarmad', 'Canada')
[32m>> Executing SQL:[0m
INSERT INTO users("id", "name", "address")
VALUES ('151', 'Sleman', 'Syria')
[32m>> Executing SQL:[0m
INSERT INTO users("id", "name", "address")
VALUES ('152', 'Abdullah', 'KSA')
[32m>> Executing SQL:[0m
INSERT INTO users("id", "name", "address")
VALUES ('153', 'Salem', null)
[32m>> Executing SQL:[0m
INSERT INTO roles("id", "name", "userId")
VALUES ('250', 'admin', '150')



>>>>>> select_rows.alusus

[32m>> Executing SQL:[0m
SELECT *
FROM users
150    Sarmad    Canada    
151    Sleman    Syria    
152    Abdullah    KSA    
153    Salem    NULL    
[32m>> Executing SQL:[0m
SELECT *
FROM unknown_table
[31m>> SQL Error:[0m
Error 1146: Table 'alusus.unknown_table' doesn't exist
Error: Query failed: Error 1146: Table 'alusus.unknown_table' doesn't exist



>>>>>> update_row.alusus

[32m>> Executing SQL:[0m
UPDATE users
SET "name" = 'Sarmad 1', "address" = '211, Surrey'
WHERE id=150



>>>>>> select_rows.alusus

[32m>> Executing SQL:[0m
SELECT *
FROM users
150    Sarmad 1    211, Surrey    
151    Sleman    Syria    
152    Abdullah    KSA    
153    Salem    NULL    
[32m>> Executing SQL:[0m
SELECT *
FROM unknown_table
[31m>> SQL Error:[0m
Error 1146: Table 'alusus.unknown_table' doesn't exist
Error: Query failed: Error 1146: Table 'alusus.unknown_table' doesn't exist



>>>>>> raw_mysql.alusus

150	Sarmad 1	211, Surrey	
151	Sleman	Syria	
152	Abdullah	KSA	
153	Salem		



>>>>>> delete_rows.alusus

[32m>> Executing SQL:[0m
DELETE FROM roles WHERE id=250;
[32m>> Executing SQL:[0m
DELETE FROM users WHERE id=150;
[32m>> Executing SQL:[0m
DELETE FROM users WHERE id=151;
[32m>> Executing SQL:[0m
DELETE FROM users WHERE id=152;
[32m>> Executing SQL:[0m
DELETE FROM users WHERE id=153;



>>>>>> prepared_statement.alusus

Connection established
[32m>> Executing SQL:[0m
delete from users where id = 20 or id = 21
[32m>> Executing SQL:[0m
insert into users(id, name) values (20, 'sarmad')
[32m>> Executing SQL:[0m
insert into users(id, name) values (21, 'abdullah')
[32m>> Executing SQL:[0m
select * from users where id in (20,21,200)
20	sarmad		
21	abdullah		
[32m>> Executing SQL:[0m
select * from users where name in ('sarmad','abdullah')
21	abdullah		
20	sarmad		



>>>>>> table_generation.alusus

[32m>> Executing SQL:[0m
drop table if exists table_versions
[32m>> Executing SQL:[0m
drop table if exists properties
[32m>> Executing SQL:[0m
CREATE TABLE IF NOT EXISTS table_versions (name VARCHAR(256) PRIMARY KEY,version INTEGER NOT NULL)
[32m>> Executing SQL:[0m
SELECT name, version FROM table_versions
[32m>> Executing SQL:[0m
CREATE TABLE IF NOT EXISTS "properties"(
"id" INT NOT NULL DEFAULT 10,
"ssd" INT,
"ss" VARCHAR(50),
"address" VARCHAR(250) DEFAULT 'Baghdad',
"userId" INT,
PRIMARY KEY ("id"),
FOREIGN KEY ("userId") REFERENCES "users"("id")
);
[32m>> Executing SQL:[0m
INSERT INTO table_versions(name, version) VALUES ('properties', 1)



>>>>>> sql_injection.alusus

[32m>> Executing SQL:[0m
drop table if exists table_versions
[32m>> Executing SQL:[0m
drop table if exists books
[32m>> Executing SQL:[0m
CREATE TABLE IF NOT EXISTS table_versions (name VARCHAR(256) PRIMARY KEY,version INTEGER NOT NULL)
[32m>> Executing SQL:[0m
SELECT name, version FROM table_versions
[32m>> Executing SQL:[0m
CREATE TABLE IF NOT EXISTS "books"(
"id" INT NOT NULL,
"name" VARCHAR(50),
PRIMARY KEY ("id")
);
[32m>> Executing SQL:[0m
INSERT INTO table_versions(name, version) VALUES ('books', 1)
[32m>> Executing SQL:[0m
DELETE FROM books
[32m>> Executing SQL:[0m
INSERT INTO books("id", "name")
VALUES (1, 'Book 1''), (2, ''Book 2')

[32m>> Executing SQL:[0m
SELECT "id", "name"
FROM books
1		Book 1'), (2, 'Book 2

[32m>> Executing SQL:[0m
SELECT "id", "name"
FROM books
WHERE "name" = 'Book 1'' or name = ''Book 2'

[32m>> Executing SQL:[0m
SELECT "id", "name"
FROM books
WHERE "id" = 1
[32m>> Executing SQL:[0m
UPDATE books
SET "id" = 1, "name" = 'Book 2u'', id=''3'
WHERE "id" = 1
[32m>> Executing SQL:[0m
SELECT "id", "name"
FROM books
1		Book 2u', id='3




>>>>>> orm_mysql.alusus

[32m>> Executing SQL:[0m
drop table if exists table_versions
[32m>> Executing SQL:[0m
drop table if exists cars
[32m>> Executing SQL:[0m
CREATE TABLE IF NOT EXISTS table_versions (name VARCHAR(256) PRIMARY KEY,version INTEGER NOT NULL)
[32m>> Executing SQL:[0m
SELECT name, version FROM table_versions
[32m>> Executing SQL:[0m
CREATE TABLE IF NOT EXISTS "cars"(
"id" INT NOT NULL,
"name" VARCHAR(50) DEFAULT 'My Car',
"price" FLOAT,
"fullName" VARCHAR(50),
"electrical" BOOLEAN,
PRIMARY KEY ("id")
);
[32m>> Executing SQL:[0m
INSERT INTO table_versions(name, version) VALUES ('cars', 1)
[32m>> Executing SQL:[0m
DELETE FROM cars
[32m>> Executing SQL:[0m
INSERT INTO cars("id", "name", "price", "fullName", "electrical")
VALUES (1, 'Car 1', 200.000000, null, '0')
[32m>> Executing SQL:[0m
INSERT INTO cars("id", "name", "price", "fullName", "electrical")
VALUES (2, 'Car 2', 400.000000, null, '0')
[32m>> Executing SQL:[0m
INSERT INTO cars("id", "name", "price", "fullName", "electrical")
VALUES (3, 'Car 3', 600.000000, null, '0')
[32m>> Executing SQL:[0m
INSERT INTO cars("id", "name", "price", "fullName", "electrical")
VALUES (4, 'Car 4', 800.000000, null, '0')
[32m>> Executing SQL:[0m
INSERT INTO cars("id", "name", "price", "fullName", "electrical")
VALUES (5, 'Car 5', 1000.000000, null, '0')
[32m>> Executing SQL:[0m
INSERT INTO cars("id", "name", "price", "fullName", "electrical")
VALUES (6, 'Car 6', 1200.000000, null, '0')
[32m>> Executing SQL:[0m
INSERT INTO cars("id", "name", "price", "fullName", "electrical")
VALUES (7, 'Car 7', 1400.000000, null, '0')
[32m>> Executing SQL:[0m
INSERT INTO cars("id", "name", "price", "fullName", "electrical")
VALUES (8, 'Car 8', 1600.000000, null, '0')
[32m>> Executing SQL:[0m
INSERT INTO cars("id", "name", "price", "fullName", "electrical")
VALUES (9, 'Car 9', 1800.000000, null, '0')
[32m>> Executing SQL:[0m
INSERT INTO cars("id", "name", "price", "fullName", "electrical")
VALUES (10, 'Car 10', 2000.000000, null, '0')
[32m>> Executing SQL:[0m
INSERT INTO cars("id", "name", "price", "fullName", "electrical")
VALUES (11, 'Car 11', 2200.000000, null, '0')
[32m>> Executing SQL:[0m
INSERT INTO cars("id", "name", "price", "fullName", "electrical")
VALUES (12, 'Car 12', 2400.000000, null, '0')
[32m>> Executing SQL:[0m
INSERT INTO cars("id", "name", "price", "fullName", "electrical")
VALUES (13, 'Car 13', 2600.000000, null, '0')
[32m>> Executing SQL:[0m
INSERT INTO cars("id", "name", "price", "fullName", "electrical")
VALUES (14, 'Car 14', 2800.000000, null, '0')
[32m>> Executing SQL:[0m
INSERT INTO cars("id", "name", "price", "fullName", "electrical")
VALUES (15, 'Car 15', 3000.000000, null, '0')
[32m>> Executing SQL:[0m
INSERT INTO cars("id", "name", "price", "fullName", "electrical")
VALUES (16, 'Car 16', 3200.000000, null, '1')
[32m>> Executing SQL:[0m
INSERT INTO cars("id", "name", "price", "fullName", "electrical")
VALUES (17, 'Car 17', 3400.000000, null, '1')
[32m>> Executing SQL:[0m
INSERT INTO cars("id", "name", "price", "fullName", "electrical")
VALUES (18, 'Car 18', 3600.000000, null, '1')
[32m>> Executing SQL:[0m
INSERT INTO cars("id", "name", "price", "fullName", "electrical")
VALUES (19, 'Car 19', 3800.000000, null, '1')
[32m>> Executing SQL:[0m
INSERT INTO cars("id", "name", "price", "fullName", "electrical")
VALUES (20, 'Car 20', 4000.000000, null, '1')
[32m>> Executing SQL:[0m
INSERT INTO cars("id", "name", "price", "fullName", "electrical")
VALUES (21, 'Car 21', 4200.000000, null, '1')
[32m>> Executing SQL:[0m
INSERT INTO cars("id", "name", "price", "fullName", "electrical")
VALUES (22, 'Car 22', 4400.000000, null, '1')
[32m>> Executing SQL:[0m
INSERT INTO cars("id", "name", "price", "fullName", "electrical")
VALUES (23, 'Car 23', 4600.000000, null, '1')
[32m>> Executing SQL:[0m
INSERT INTO cars("id", "name", "price", "fullName", "electrical")
VALUES (24, 'Car 24', 4800.000000, null, '1')
[32m>> Executing SQL:[0m
INSERT INTO cars("id", "name", "price", "fullName", "electrical")
VALUES (25, 'Car 25', 5000.000000, null, '1')
[32m>> Executing SQL:[0m
INSERT INTO cars("id", "name", "price", "fullName", "electrical")
VALUES (26, 'Car 26', 5200.000000, null, '1')
[32m>> Executing SQL:[0m
INSERT INTO cars("id", "name", "price", "fullName", "electrical")
VALUES (27, 'Car 27', 5400.000000, null, '1')
[32m>> Executing SQL:[0m
INSERT INTO cars("id", "name", "price", "fullName", "electrical")
VALUES (28, 'Car 28', 5600.000000, null, '1')
[32m>> Executing SQL:[0m
INSERT INTO cars("id", "name", "price", "fullName", "electrical")
VALUES (29, 'Car 29', 5800.000000, null, '1')

[32m>> Executing SQL:[0m
SELECT "id", "name", "price", "fullName", "electrical"
FROM cars
WHERE ("price" < 1000.000000 or "price" > 5000.000000) and "id" > 2
3		Car 3		600.000000		traditional
4		Car 4		800.000000		traditional
26		Car 26		5200.000000		electrical
27		Car 27		5400.000000		electrical
28		Car 28		5600.000000		electrical
29		Car 29		5800.000000		electrical

[32m>> Executing SQL:[0m
DELETE FROM cars WHERE "id" = 3;
[32m>> Executing SQL:[0m
UPDATE cars
SET "id" = 4, "name" = 'Car 4u', "price" = 400.000000, "fullName" = null, "electrical" = '0'
WHERE "id" = 4
[32m>> Executing SQL:[0m
UPDATE cars
SET "price" = null, "name" = 'BMW', "fullName" = 'BMW X5'
WHERE "id" = 20
[32m>> Executing SQL:[0m
DELETE FROM cars WHERE "id" > 23 and "id" <= 28;
[32m>> Executing SQL:[0m
SELECT "id", "name", "price", "fullName", "electrical"
FROM cars
1		Car 1		200.000000		traditional
2		Car 2		400.000000		traditional
4		Car 4u		400.000000		traditional
5		Car 5		1000.000000		traditional
6		Car 6		1200.000000		traditional
7		Car 7		1400.000000		traditional
8		Car 8		1600.000000		traditional
9		Car 9		1800.000000		traditional
10		Car 10		2000.000000		traditional
11		Car 11		2200.000000		traditional
12		Car 12		2400.000000		traditional
13		Car 13		2600.000000		traditional
14		Car 14		2800.000000		traditional
15		Car 15		3000.000000		traditional
16		Car 16		3200.000000		electrical
17		Car 17		3400.000000		electrical
18		Car 18		3600.000000		electrical
19		Car 19		3800.000000		electrical
20		BMW		NULL		electrical		BMW X5
21		Car 21		4200.000000		electrical
22		Car 22		4400.000000		electrical
23		Car 23		4600.000000		electrical
29		Car 29		5800.000000		electrical

[32m>> Executing SQL:[0m
SELECT "id", "name", "price", "fullName", "electrical"
FROM cars
WHERE NOT ("id" > 10)
1		Car 1		200.000000		traditional
2		Car 2		400.000000		traditional
4		Car 4u		400.000000		traditional
5		Car 5		1000.000000		traditional
6		Car 6		1200.000000		traditional
7		Car 7		1400.000000		traditional
8		Car 8		1600.000000		traditional
9		Car 9		1800.000000		traditional
10		Car 10		2000.000000		traditional

[32m>> Executing SQL:[0m
SELECT "id", "name", "price", "fullName", "electrical"
FROM cars
WHERE NOT ("id" in (1 , 5 , 7 , 2))
4		Car 4u		400.000000		traditional
6		Car 6		1200.000000		traditional
8		Car 8		1600.000000		traditional
9		Car 9		1800.000000		traditional
10		Car 10		2000.000000		traditional
11		Car 11		2200.000000		traditional
12		Car 12		2400.000000		traditional
13		Car 13		2600.000000		traditional
14		Car 14		2800.000000		traditional
15		Car 15		3000.000000		traditional
16		Car 16		3200.000000		electrical
17		Car 17		3400.000000		electrical
18		Car 18		3600.000000		electrical
19		Car 19		3800.000000		electrical
20		BMW		NULL		electrical		BMW X5
21		Car 21		4200.000000		electrical
22		Car 22		4400.000000		electrical
23		Car 23		4600.000000		electrical
29		Car 29		5800.000000		electrical

[32m>> Executing SQL:[0m
SELECT "id", "name", "price", "fullName", "electrical"
FROM cars
WHERE "id" in (1 , 2 , 4 , 5 , 7)
ORDER BY "price" DESC, "id"
7		Car 7		1400.000000		traditional
5		Car 5		1000.000000		traditional
2		Car 2		400.000000		traditional
4		Car 4u		400.000000		traditional
1		Car 1		200.000000		traditional

[32m>> Executing SQL:[0m
SELECT "id", "name", "price", "fullName", "electrical"
FROM cars
WHERE "id" in (1 , 2 , 4 , 5 , 7)
ORDER BY "price" DESC, "id" DESC
7		Car 7		1400.000000		traditional
5		Car 5		1000.000000		traditional
4		Car 4u		400.000000		traditional
2		Car 2		400.000000		traditional
1		Car 1		200.000000		traditional

[32m>> Executing SQL:[0m
SELECT "id", "name", "price", "fullName", "electrical"
FROM cars
WHERE "fullName" is not null
20		BMW		NULL		electrical		BMW X5



>>>>>> orm_postgresql.alusus

[32m>> Executing SQL:[0m
drop table if exists table_versions
[32m>> Executing SQL:[0m
drop table if exists cars
[32m>> Executing SQL:[0m
CREATE TABLE IF NOT EXISTS table_versions (name VARCHAR(256) PRIMARY KEY,version INTEGER NOT NULL)
[32m>> Executing SQL:[0m
SELECT name, version FROM table_versions
[32m>> Executing SQL:[0m
CREATE TABLE IF NOT EXISTS "cars"(
"id" integer NOT NULL,
"name" varchar(50) DEFAULT 'My Car',
"the_price" double precision,
"fullName" varchar(50),
"electrical" boolean,
"createdAt" timestamp,
PRIMARY KEY ("id")
);
[32m>> Executing SQL:[0m
INSERT INTO table_versions(name, version) VALUES ('cars', 1)
[32m>> Executing SQL:[0m
DELETE FROM cars
[32m>> Executing SQL:[0m
INSERT INTO cars("id", "name", "the_price", "fullName", "electrical", "createdAt")
VALUES (1, 'Car 1', 200.000000, null, null, '2023-02-18 10:57:33')
[32m>> Executing SQL:[0m
INSERT INTO cars("id", "name", "the_price", "fullName", "electrical", "createdAt")
VALUES (2, 'Car 2', 400.000000, null, null, null)
[32m>> Executing SQL:[0m
INSERT INTO cars("id", "name", "the_price", "fullName", "electrical", "createdAt")
VALUES (3, 'Car 3', 600.000000, null, null, null)
[32m>> Executing SQL:[0m
INSERT INTO cars("id", "name", "the_price", "fullName", "electrical", "createdAt")
VALUES (4, 'Car 4', 800.000000, null, null, null)
[32m>> Executing SQL:[0m
INSERT INTO cars("id", "name", "the_price", "fullName", "electrical", "createdAt")
VALUES (5, 'Car 5', 1000.000000, null, null, null)
[32m>> Executing SQL:[0m
INSERT INTO cars("id", "name", "the_price", "fullName", "electrical", "createdAt")
VALUES (6, 'Car 6', 1200.000000, null, '0', null)
[32m>> Executing SQL:[0m
INSERT INTO cars("id", "name", "the_price", "fullName", "electrical", "createdAt")
VALUES (7, 'Car 7', 1400.000000, null, '0', null)
[32m>> Executing SQL:[0m
INSERT INTO cars("id", "name", "the_price", "fullName", "electrical", "createdAt")
VALUES (8, 'Car 8', 1600.000000, null, '0', null)
[32m>> Executing SQL:[0m
INSERT INTO cars("id", "name", "the_price", "fullName", "electrical", "createdAt")
VALUES (9, 'Car 9', 1800.000000, null, '0', null)
[32m>> Executing SQL:[0m
INSERT INTO cars("id", "name", "the_price", "fullName", "electrical", "createdAt")
VALUES (10, 'Car 10', 2000.000000, null, '0', null)
[32m>> Executing SQL:[0m
INSERT INTO cars("id", "name", "the_price", "fullName", "electrical", "createdAt")
VALUES (11, 'Car 11', 2200.000000, null, '0', null)
[32m>> Executing SQL:[0m
INSERT INTO cars("id", "name", "the_price", "fullName", "electrical", "createdAt")
VALUES (12, 'Car 12', 2400.000000, null, '0', null)
[32m>> Executing SQL:[0m
INSERT INTO cars("id", "name", "the_price", "fullName", "electrical", "createdAt")
VALUES (13, 'Car 13', 2600.000000, null, '0', null)
[32m>> Executing SQL:[0m
INSERT INTO cars("id", "name", "the_price", "fullName", "electrical", "createdAt")
VALUES (14, 'Car 14', 2800.000000, null, '0', null)
[32m>> Executing SQL:[0m
INSERT INTO cars("id", "name", "the_price", "fullName", "electrical", "createdAt")
VALUES (15, 'Car 15', 3000.000000, null, '0', null)
[32m>> Executing SQL:[0m
INSERT INTO cars("id", "name", "the_price", "fullName", "electrical", "createdAt")
VALUES (16, 'Car 16', 3200.000000, null, '1', null)
[32m>> Executing SQL:[0m
INSERT INTO cars("id", "name", "the_price", "fullName", "electrical", "createdAt")
VALUES (17, 'Car 17', 3400.000000, null, '1', null)
[32m>> Executing SQL:[0m
INSERT INTO cars("id", "name", "the_price", "fullName", "electrical", "createdAt")
VALUES (18, 'Car 18', 3600.000000, null, '1', null)
[32m>> Executing SQL:[0m
INSERT INTO cars("id", "name", "the_price", "fullName", "electrical", "createdAt")
VALUES (19, 'Car 19', 3800.000000, null, '1', null)
[32m>> Executing SQL:[0m
INSERT INTO cars("id", "name", "the_price", "fullName", "electrical", "createdAt")
VALUES (20, 'Car 20', 4000.000000, null, '1', null)
[32m>> Executing SQL:[0m
INSERT INTO cars("id", "name", "the_price", "fullName", "electrical", "createdAt")
VALUES (21, 'Car 21', 4200.000000, null, '1', null)
[32m>> Executing SQL:[0m
INSERT INTO cars("id", "name", "the_price", "fullName", "electrical", "createdAt")
VALUES (22, 'Car 22', 4400.000000, null, '1', null)
[32m>> Executing SQL:[0m
INSERT INTO cars("id", "name", "the_price", "fullName", "electrical", "createdAt")
VALUES (23, 'Car 23', 4600.000000, null, '1', null)
[32m>> Executing SQL:[0m
INSERT INTO cars("id", "name", "the_price", "fullName", "electrical", "createdAt")
VALUES (24, 'Car 24', 4800.000000, null, '1', null)
[32m>> Executing SQL:[0m
INSERT INTO cars("id", "name", "the_price", "fullName", "electrical", "createdAt")
VALUES (25, 'Car 25', 5000.000000, null, '1', null)
[32m>> Executing SQL:[0m
INSERT INTO cars("id", "name", "the_price", "fullName", "electrical", "createdAt")
VALUES (26, 'Car 26', 5200.000000, null, '1', null)
[32m>> Executing SQL:[0m
INSERT INTO cars("id", "name", "the_price", "fullName", "electrical", "createdAt")
VALUES (27, 'Car 27', 5400.000000, null, '1', null)
[32m>> Executing SQL:[0m
INSERT INTO cars("id", "name", "the_price", "fullName", "electrical", "createdAt")
VALUES (28, 'Car 28', 5600.000000, null, '1', null)
[32m>> Executing SQL:[0m
INSERT INTO cars("id", "name", "the_price", "fullName", "electrical", "createdAt")
VALUES (29, 'Car 29', 5800.000000, null, '1', null)

[32m>> Executing SQL:[0m
SELECT "id", "name", "the_price", "fullName", "electrical", "createdAt"
FROM cars
WHERE ("the_price" < 1000.000000 or "the_price" > 5000.000000) and "id" > 2
ORDER BY "id"
3		Car 3		600.000000		not known
4		Car 4		800.000000		not known
26		Car 26		5200.000000		electrical
27		Car 27		5400.000000		electrical
28		Car 28		5600.000000		electrical
29		Car 29		5800.000000		electrical

[32m>> Executing SQL:[0m
DELETE FROM cars WHERE "id" = 3;
[32m>> Executing SQL:[0m
UPDATE cars
SET "id" = 4, "name" = 'Car 4u', "the_price" = 400.000000, "fullName" = null, "electrical" = null, "createdAt" = null
WHERE "id" = 4
[32m>> Executing SQL:[0m
UPDATE cars
SET "fullName" = 'BMW X5'
WHERE "id" = 19
[32m>> Executing SQL:[0m
UPDATE cars
SET "the_price" = 90.000000, "name" = 'BMW'
WHERE "id" = 20
[32m>> Executing SQL:[0m
DELETE FROM cars WHERE "id" > 23 and "id" <= 28;
[32m>> Executing SQL:[0m
SELECT "id", "name", "the_price", "fullName", "electrical", "createdAt"
FROM cars
WHERE "fullName" is null or "fullName" != 'BMW X5'
1		Car 1		200.000000		not known		2023-02-18 10:57:33
2		Car 2		400.000000		not known
5		Car 5		1000.000000		not known
6		Car 6		1200.000000		traditional
7		Car 7		1400.000000		traditional
8		Car 8		1600.000000		traditional
9		Car 9		1800.000000		traditional
10		Car 10		2000.000000		traditional
11		Car 11		2200.000000		traditional
12		Car 12		2400.000000		traditional
13		Car 13		2600.000000		traditional
14		Car 14		2800.000000		traditional
15		Car 15		3000.000000		traditional
16		Car 16		3200.000000		electrical
17		Car 17		3400.000000		electrical
18		Car 18		3600.000000		electrical
21		Car 21		4200.000000		electrical
22		Car 22		4400.000000		electrical
23		Car 23		4600.000000		electrical
29		Car 29		5800.000000		electrical
4		Car 4u		400.000000		not known
20		BMW		90.000000		electrical

[32m>> Executing SQL:[0m
SELECT "id", "name", "the_price", "fullName", "electrical", "createdAt"
FROM cars
WHERE NOT ("id" > 10)
1		Car 1		200.000000		not known		2023-02-18 10:57:33
2		Car 2		400.000000		not known
5		Car 5		1000.000000		not known
6		Car 6		1200.000000		traditional
7		Car 7		1400.000000		traditional
8		Car 8		1600.000000		traditional
9		Car 9		1800.000000		traditional
10		Car 10		2000.000000		traditional
4		Car 4u		400.000000		not known

[32m>> Executing SQL:[0m
SELECT "id", "name", "the_price", "fullName", "electrical", "createdAt"
FROM cars
WHERE NOT ("id" in (1 , 5 , 7 , 2))
6		Car 6		1200.000000		traditional
8		Car 8		1600.000000		traditional
9		Car 9		1800.000000		traditional
10		Car 10		2000.000000		traditional
11		Car 11		2200.000000		traditional
12		Car 12		2400.000000		traditional
13		Car 13		2600.000000		traditional
14		Car 14		2800.000000		traditional
15		Car 15		3000.000000		traditional
16		Car 16		3200.000000		electrical
17		Car 17		3400.000000		electrical
18		Car 18		3600.000000		electrical
21		Car 21		4200.000000		electrical
22		Car 22		4400.000000		electrical
23		Car 23		4600.000000		electrical
29		Car 29		5800.000000		electrical
4		Car 4u		400.000000		not known
19		Car 19		3800.000000		electrical		BMW X5
20		BMW		90.000000		electrical

[32m>> Executing SQL:[0m
SELECT "id", "name", "the_price", "fullName", "electrical", "createdAt"
FROM cars
WHERE "id" in (1 , 2 , 4 , 5 , 7)
ORDER BY "the_price" DESC, "id"
7		Car 7		1400.000000		traditional
5		Car 5		1000.000000		not known
2		Car 2		400.000000		not known
4		Car 4u		400.000000		not known
1		Car 1		200.000000		not known		2023-02-18 10:57:33

[32m>> Executing SQL:[0m
SELECT "id", "name", "the_price", "fullName", "electrical", "createdAt"
FROM cars
WHERE "id" in (1 , 2 , 4 , 5 , 7)
ORDER BY "the_price" DESC, "id" DESC
7		Car 7		1400.000000		traditional
5		Car 5		1000.000000		not known
4		Car 4u		400.000000		not known
2		Car 2		400.000000		not known
1		Car 1		200.000000		not known		2023-02-18 10:57:33

[32m>> Executing SQL:[0m
SELECT "id", "name", "the_price", "fullName", "electrical", "createdAt"
FROM cars
WHERE "fullName" is not null
19		Car 19		3800.000000		electrical		BMW X5



>>>>>> orm_sqlite.alusus

[32m>> Executing SQL:[0m
drop table if exists table_versions
[32m>> Executing SQL:[0m
drop table if exists cars
[32m>> Executing SQL:[0m
CREATE TABLE IF NOT EXISTS table_versions (name VARCHAR(256) PRIMARY KEY,version INTEGER NOT NULL)
[32m>> Executing SQL:[0m
SELECT name, version FROM table_versions
[32m>> Executing SQL:[0m
CREATE TABLE IF NOT EXISTS "cars"(
"id" INTEGER NOT NULL,
"name" TEXT(50) DEFAULT 'My Car',
"price" REAL,
PRIMARY KEY ("id")
);
[32m>> Executing SQL:[0m
INSERT INTO table_versions(name, version) VALUES ('cars', 1)
[32m>> Executing SQL:[0m
DELETE FROM cars
[32m>> Executing SQL:[0m
INSERT INTO cars("id", "name", "price")
VALUES (1, 'Car 1', 200.000000)
[32m>> Executing SQL:[0m
INSERT INTO cars("id", "name", "price")
VALUES (2, 'Car 2', 400.000000)
[32m>> Executing SQL:[0m
INSERT INTO cars("id", "name", "price")
VALUES (3, 'Car 3', 600.000000)
[32m>> Executing SQL:[0m
INSERT INTO cars("id", "name", "price")
VALUES (4, 'Car 4', 800.000000)
[32m>> Executing SQL:[0m
INSERT INTO cars("id", "name", "price")
VALUES (5, 'Car 5', 1000.000000)
[32m>> Executing SQL:[0m
INSERT INTO cars("id", "name", "price")
VALUES (6, 'Car 6', 1200.000000)
[32m>> Executing SQL:[0m
INSERT INTO cars("id", "name", "price")
VALUES (7, 'Car 7', 1400.000000)
[32m>> Executing SQL:[0m
INSERT INTO cars("id", "name", "price")
VALUES (8, 'Car 8', 1600.000000)
[32m>> Executing SQL:[0m
INSERT INTO cars("id", "name", "price")
VALUES (9, 'Car 9', 1800.000000)
[32m>> Executing SQL:[0m
INSERT INTO cars("id", "name", "price")
VALUES (10, 'Car 10', 2000.000000)
[32m>> Executing SQL:[0m
INSERT INTO cars("id", "name", "price")
VALUES (11, 'Car 11', 2200.000000)
[32m>> Executing SQL:[0m
INSERT INTO cars("id", "name", "price")
VALUES (12, 'Car 12', 2400.000000)
[32m>> Executing SQL:[0m
INSERT INTO cars("id", "name", "price")
VALUES (13, 'Car 13', 2600.000000)
[32m>> Executing SQL:[0m
INSERT INTO cars("id", "name", "price")
VALUES (14, 'Car 14', 2800.000000)
[32m>> Executing SQL:[0m
INSERT INTO cars("id", "name", "price")
VALUES (15, 'Car 15', 3000.000000)
[32m>> Executing SQL:[0m
INSERT INTO cars("id", "name", "price")
VALUES (16, 'Car 16', 3200.000000)
[32m>> Executing SQL:[0m
INSERT INTO cars("id", "name", "price")
VALUES (17, 'Car 17', 3400.000000)
[32m>> Executing SQL:[0m
INSERT INTO cars("id", "name", "price")
VALUES (18, 'Car 18', 3600.000000)
[32m>> Executing SQL:[0m
INSERT INTO cars("id", "name", "price")
VALUES (19, 'Car 19', 3800.000000)
[32m>> Executing SQL:[0m
INSERT INTO cars("id", "name", "price")
VALUES (20, 'Car 20', 4000.000000)
[32m>> Executing SQL:[0m
INSERT INTO cars("id", "name", "price")
VALUES (21, 'Car 21', 4200.000000)
[32m>> Executing SQL:[0m
INSERT INTO cars("id", "name", "price")
VALUES (22, 'Car 22', 4400.000000)
[32m>> Executing SQL:[0m
INSERT INTO cars("id", "name", "price")
VALUES (23, 'Car 23', 4600.000000)
[32m>> Executing SQL:[0m
INSERT INTO cars("id", "name", "price")
VALUES (24, 'Car 24', 4800.000000)
[32m>> Executing SQL:[0m
INSERT INTO cars("id", "name", "price")
VALUES (25, 'Car 25', 5000.000000)
[32m>> Executing SQL:[0m
INSERT INTO cars("id", "name", "price")
VALUES (26, 'Car 26', 5200.000000)
[32m>> Executing SQL:[0m
INSERT INTO cars("id", "name", "price")
VALUES (27, 'Car 27', 5400.000000)
[32m>> Executing SQL:[0m
INSERT INTO cars("id", "name", "price")
VALUES (28, 'Car 28', 5600.000000)
[32m>> Executing SQL:[0m
INSERT INTO cars("id", "name", "price")
VALUES (29, 'Car 29', 5800.000000)

[32m>> Executing SQL:[0m
SELECT "id", "name", "price"
FROM cars
WHERE ("price" < 1000.000000 or "price" > 5000.000000) and "id" > 2
3		Car 3		600.000000
4		Car 4		800.000000
26		Car 26		5200.000000
27		Car 27		5400.000000
28		Car 28		5600.000000
29		Car 29		5800.000000

[32m>> Executing SQL:[0m
DELETE FROM cars WHERE "id" = 3;
[32m>> Executing SQL:[0m
UPDATE cars
SET "id" = 4, "name" = 'Car 4u', "price" = 400.000000
WHERE "id" = 4
[32m>> Executing SQL:[0m
UPDATE cars
SET "price" = 90.000000, "name" = 'BMW'
WHERE "id" = 20
[32m>> Executing SQL:[0m
DELETE FROM cars WHERE "id" > 23 and "id" <= 28;
[32m>> Executing SQL:[0m
SELECT "id", "name", "price"
FROM cars
1		Car 1		200.000000
2		Car 2		400.000000
4		Car 4u		400.000000
5		Car 5		1000.000000
6		Car 6		1200.000000
7		Car 7		1400.000000
8		Car 8		1600.000000
9		Car 9		1800.000000
10		Car 10		2000.000000
11		Car 11		2200.000000
12		Car 12		2400.000000
13		Car 13		2600.000000
14		Car 14		2800.000000
15		Car 15		3000.000000
16		Car 16		3200.000000
17		Car 17		3400.000000
18		Car 18		3600.000000
19		Car 19		3800.000000
20		BMW		90.000000
21		Car 21		4200.000000
22		Car 22		4400.000000
23		Car 23		4600.000000
29		Car 29		5800.000000

[32m>> Executing SQL:[0m
SELECT "id", "name", "price"
FROM cars
WHERE NOT ("id" > 10)
1		Car 1		200.000000
2		Car 2		400.000000
4		Car 4u		400.000000
5		Car 5		1000.000000
6		Car 6		1200.000000
7		Car 7		1400.000000
8		Car 8		1600.000000
9		Car 9		1800.000000
10		Car 10		2000.000000

[32m>> Executing SQL:[0m
SELECT "id", "name", "price"
FROM cars
WHERE NOT ("id" in (1 , 5 , 7 , 2))
4		Car 4u		400.000000
6		Car 6		1200.000000
8		Car 8		1600.000000
9		Car 9		1800.000000
10		Car 10		2000.000000
11		Car 11		2200.000000
12		Car 12		2400.000000
13		Car 13		2600.000000
14		Car 14		2800.000000
15		Car 15		3000.000000
16		Car 16		3200.000000
17		Car 17		3400.000000
18		Car 18		3600.000000
19		Car 19		3800.000000
20		BMW		90.000000
21		Car 21		4200.000000
22		Car 22		4400.000000
23		Car 23		4600.000000
29		Car 29		5800.000000

[32m>> Executing SQL:[0m
SELECT "id", "name", "price"
FROM cars
WHERE "id" in (1 , 2 , 4 , 5 , 7)
ORDER BY "price" DESC, "id"
7		Car 7		1400.000000
5		Car 5		1000.000000
2		Car 2		400.000000
4		Car 4u		400.000000
1		Car 1		200.000000

[32m>> Executing SQL:[0m
SELECT "id", "name", "price"
FROM cars
WHERE "id" in (1 , 2 , 4 , 5 , 7)
ORDER BY "price" DESC, "id" DESC
7		Car 7		1400.000000
5		Car 5		1000.000000
4		Car 4u		400.000000
2		Car 2		400.000000
1		Car 1		200.000000



>>>>>> raw_postgresql.alusus

1	Car 1	200			2023-02-18 10:57:33	
2	Car 2	400				
5	Car 5	1000				
6	Car 6	1200		f		
7	Car 7	1400		f		
8	Car 8	1600		f		
9	Car 9	1800		f		
10	Car 10	2000		f		
11	Car 11	2200		f		
12	Car 12	2400		f		
13	Car 13	2600		f		
14	Car 14	2800		f		
15	Car 15	3000		f		
16	Car 16	3200		t		
17	Car 17	3400		t		
18	Car 18	3600		t		
21	Car 21	4200		t		
22	Car 22	4400		t		
23	Car 23	4600		t		
29	Car 29	5800		t		
4	Car 4u	400				
19	Car 19	3800	BMW X5	t		
20	BMW	90		t		



>>>>>> إنشاء_جدول.أسس

[32m>> Executing SQL:[0m
drop table if exists properties
[32m>> Executing SQL:[0m
drop table if exists "عقارات"
[32m>> Executing SQL:[0m
drop table if exists roles
[32m>> Executing SQL:[0m
drop table if exists users
[32m>> Executing SQL:[0m
CREATE TABLE IF NOT EXISTS "users"(
"id" INT NOT NULL UNIQUE,
"name" VARCHAR(90) NOT NULL UNIQUE DEFAULT 'me',
"address" VARCHAR(200),
PRIMARY KEY ("id")
);
[32m>> Executing SQL:[0m
CREATE TABLE IF NOT EXISTS "roles"(
"id" INT NOT NULL UNIQUE,
"name" VARCHAR(90) NOT NULL UNIQUE DEFAULT 'viewer',
"userId" INT,
PRIMARY KEY ("id"),
FOREIGN KEY ("userId") REFERENCES "users"("id")
);



>>>>>> إدخال_صفوف.أسس

[32m>> Executing SQL:[0m
delete from roles
[32m>> Executing SQL:[0m
delete from users
[32m>> Executing SQL:[0m
INSERT INTO users("id", "name", "address")
VALUES ('150', 'سرمد', 'كندا')
[32m>> Executing SQL:[0m
INSERT INTO users("id", "name", "address")
VALUES ('151', 'سليمان', 'سوريا')
[32m>> Executing SQL:[0m
INSERT INTO users("id", "name", "address")
VALUES ('152', 'عبد الله', 'السعودية')
[32m>> Executing SQL:[0m
INSERT INTO users("id", "name", "address")
VALUES ('153', 'سالم', null)
[32m>> Executing SQL:[0m
INSERT INTO roles("id", "name", "userId")
VALUES ('250', 'admin', '150')



>>>>>> جلب_صفوف.أسس

[32m>> Executing SQL:[0m
SELECT *
FROM users
150    سرمد    كندا    
151    سليمان    سوريا    
152    عبد الله    السعودية    
153    سالم    NULL    



>>>>>> تحديث_صفوف.أسس

[32m>> Executing SQL:[0m
UPDATE users
SET "name" = 'سرمد 3', "address" = '957، سَري'
WHERE id=150



>>>>>> جلب_صفوف.أسس

[32m>> Executing SQL:[0m
SELECT *
FROM users
150    سرمد 3    957، سَري    
151    سليمان    سوريا    
152    عبد الله    السعودية    
153    سالم    NULL    



>>>>>> حذف_صفوف.أسس

[32m>> Executing SQL:[0m
DELETE FROM roles WHERE id=250;
[32m>> Executing SQL:[0m
DELETE FROM users WHERE id=150;
[32m>> Executing SQL:[0m
DELETE FROM users WHERE id=151;
[32m>> Executing SQL:[0m
DELETE FROM users WHERE id=152;
[32m>> Executing SQL:[0m
DELETE FROM users WHERE id=153;



>>>>>> توليد_تلقائي_لجدول.أسس

[32m>> Executing SQL:[0m
drop table if exists table_versions
[32m>> Executing SQL:[0m
drop table if exists "سيارات"
[32m>> Executing SQL:[0m
CREATE TABLE IF NOT EXISTS table_versions (name VARCHAR(256) PRIMARY KEY,version INTEGER NOT NULL)
[32m>> Executing SQL:[0m
SELECT name, version FROM table_versions
[32m>> Executing SQL:[0m
CREATE TABLE IF NOT EXISTS "عقارات"(
"المعرف" INT NOT NULL,
"ابت" INT,
"جحخ" VARCHAR(50),
"العنوان" VARCHAR(250),
"معرف_المستخدم" INT,
PRIMARY KEY ("المعرف"),
FOREIGN KEY ("معرف_المستخدم") REFERENCES "users"("id")
);
[32m>> Executing SQL:[0m
INSERT INTO table_versions(name, version) VALUES ('عقارات', 1)



>>>>>> مطابقة_مايسكويل.أسس

[32m>> Executing SQL:[0m
drop table if exists table_versions
[32m>> Executing SQL:[0m
drop table if exists "سيارات"
[32m>> Executing SQL:[0m
CREATE TABLE IF NOT EXISTS table_versions (name VARCHAR(256) PRIMARY KEY,version INTEGER NOT NULL)
[32m>> Executing SQL:[0m
SELECT name, version FROM table_versions
[32m>> Executing SQL:[0m
CREATE TABLE IF NOT EXISTS "سيارات"(
"المعرف" INT NOT NULL,
"الاسم" VARCHAR(50),
"سعر_السيارة" FLOAT,
"كهربائية" BOOLEAN,
PRIMARY KEY ("المعرف")
);
[32m>> Executing SQL:[0m
INSERT INTO table_versions(name, version) VALUES ('سيارات', 1)
[32m>> Executing SQL:[0m
DELETE FROM سيارات
[32m>> Executing SQL:[0m
INSERT INTO سيارات("المعرف", "الاسم", "سعر_السيارة", "كهربائية")
VALUES (1, 'سيارة 1', 200.000000, null)
[32m>> Executing SQL:[0m
INSERT INTO سيارات("المعرف", "الاسم", "سعر_السيارة", "كهربائية")
VALUES (2, 'سيارة 2', 400.000000, null)
[32m>> Executing SQL:[0m
INSERT INTO سيارات("المعرف", "الاسم", "سعر_السيارة", "كهربائية")
VALUES (3, 'سيارة 3', 600.000000, null)
[32m>> Executing SQL:[0m
INSERT INTO سيارات("المعرف", "الاسم", "سعر_السيارة", "كهربائية")
VALUES (4, 'سيارة 4', 800.000000, null)
[32m>> Executing SQL:[0m
INSERT INTO سيارات("المعرف", "الاسم", "سعر_السيارة", "كهربائية")
VALUES (5, 'سيارة 5', 1000.000000, null)
[32m>> Executing SQL:[0m
INSERT INTO سيارات("المعرف", "الاسم", "سعر_السيارة", "كهربائية")
VALUES (6, 'سيارة 6', 1200.000000, '0')
[32m>> Executing SQL:[0m
INSERT INTO سيارات("المعرف", "الاسم", "سعر_السيارة", "كهربائية")
VALUES (7, 'سيارة 7', 1400.000000, '0')
[32m>> Executing SQL:[0m
INSERT INTO سيارات("المعرف", "الاسم", "سعر_السيارة", "كهربائية")
VALUES (8, 'سيارة 8', 1600.000000, '0')
[32m>> Executing SQL:[0m
INSERT INTO سيارات("المعرف", "الاسم", "سعر_السيارة", "كهربائية")
VALUES (9, 'سيارة 9', 1800.000000, '0')
[32m>> Executing SQL:[0m
INSERT INTO سيارات("المعرف", "الاسم", "سعر_السيارة", "كهربائية")
VALUES (10, 'سيارة 10', 2000.000000, '0')
[32m>> Executing SQL:[0m
INSERT INTO سيارات("المعرف", "الاسم", "سعر_السيارة", "كهربائية")
VALUES (11, 'سيارة 11', 2200.000000, '0')
[32m>> Executing SQL:[0m
INSERT INTO سيارات("المعرف", "الاسم", "سعر_السيارة", "كهربائية")
VALUES (12, 'سيارة 12', 2400.000000, '0')
[32m>> Executing SQL:[0m
INSERT INTO سيارات("المعرف", "الاسم", "سعر_السيارة", "كهربائية")
VALUES (13, 'سيارة 13', 2600.000000, '0')
[32m>> Executing SQL:[0m
INSERT INTO سيارات("المعرف", "الاسم", "سعر_السيارة", "كهربائية")
VALUES (14, 'سيارة 14', 2800.000000, '0')
[32m>> Executing SQL:[0m
INSERT INTO سيارات("المعرف", "الاسم", "سعر_السيارة", "كهربائية")
VALUES (15, 'سيارة 15', 3000.000000, '0')
[32m>> Executing SQL:[0m
INSERT INTO سيارات("المعرف", "الاسم", "سعر_السيارة", "كهربائية")
VALUES (16, 'سيارة 16', 3200.000000, '1')
[32m>> Executing SQL:[0m
INSERT INTO سيارات("المعرف", "الاسم", "سعر_السيارة", "كهربائية")
VALUES (17, 'سيارة 17', 3400.000000, '1')
[32m>> Executing SQL:[0m
INSERT INTO سيارات("المعرف", "الاسم", "سعر_السيارة", "كهربائية")
VALUES (18, 'سيارة 18', 3600.000000, '1')
[32m>> Executing SQL:[0m
INSERT INTO سيارات("المعرف", "الاسم", "سعر_السيارة", "كهربائية")
VALUES (19, 'سيارة 19', 3800.000000, '1')
[32m>> Executing SQL:[0m
INSERT INTO سيارات("المعرف", "الاسم", "سعر_السيارة", "كهربائية")
VALUES (20, 'سيارة 20', 4000.000000, '1')
[32m>> Executing SQL:[0m
INSERT INTO سيارات("المعرف", "الاسم", "سعر_السيارة", "كهربائية")
VALUES (21, 'سيارة 21', 4200.000000, '1')
[32m>> Executing SQL:[0m
INSERT INTO سيارات("المعرف", "الاسم", "سعر_السيارة", "كهربائية")
VALUES (22, 'سيارة 22', 4400.000000, '1')
[32m>> Executing SQL:[0m
INSERT INTO سيارات("المعرف", "الاسم", "سعر_السيارة", "كهربائية")
VALUES (23, 'سيارة 23', 4600.000000, '1')
[32m>> Executing SQL:[0m
INSERT INTO سيارات("المعرف", "الاسم", "سعر_السيارة", "كهربائية")
VALUES (24, 'سيارة 24', 4800.000000, '1')
[32m>> Executing SQL:[0m
INSERT INTO سيارات("المعرف", "الاسم", "سعر_السيارة", "كهربائية")
VALUES (25, 'سيارة 25', 5000.000000, '1')
[32m>> Executing SQL:[0m
INSERT INTO سيارات("المعرف", "الاسم", "سعر_السيارة", "كهربائية")
VALUES (26, 'سيارة 26', 5200.000000, '1')
[32m>> Executing SQL:[0m
INSERT INTO سيارات("المعرف", "الاسم", "سعر_السيارة", "كهربائية")
VALUES (27, 'سيارة 27', 5400.000000, '1')
[32m>> Executing SQL:[0m
INSERT INTO سيارات("المعرف", "الاسم", "سعر_السيارة", "كهربائية")
VALUES (28, 'سيارة 28', 5600.000000, '1')
[32m>> Executing SQL:[0m
INSERT INTO سيارات("المعرف", "الاسم", "سعر_السيارة", "كهربائية")
VALUES (29, 'سيارة 29', 5800.000000, '1')

[32m>> Executing SQL:[0m
SELECT "المعرف", "الاسم", "سعر_السيارة", "كهربائية"
FROM سيارات
WHERE ("سعر_السيارة" < 1000.000000 or "سعر_السيارة" > 5000.000000) and "المعرف" > 2
3		سيارة 3		600.000000		غير معروف
4		سيارة 4		800.000000		غير معروف
26		سيارة 26		5200.000000		كهربائية
27		سيارة 27		5400.000000		كهربائية
28		سيارة 28		5600.000000		كهربائية
29		سيارة 29		5800.000000		كهربائية

[32m>> Executing SQL:[0m
DELETE FROM سيارات WHERE "المعرف" = 3;
[32m>> Executing SQL:[0m
UPDATE سيارات
SET "المعرف" = 4, "الاسم" = 'سيارة 4م', "سعر_السيارة" = 400.000000, "كهربائية" = null
WHERE "المعرف" = 4
[32m>> Executing SQL:[0m
UPDATE سيارات
SET "سعر_السيارة" = 90.000000, "الاسم" = 'BMW'
WHERE "المعرف" = 20
[32m>> Executing SQL:[0m
DELETE FROM سيارات WHERE "المعرف" > 23 and "المعرف" <= 28;
[32m>> Executing SQL:[0m
SELECT "المعرف", "الاسم", "سعر_السيارة", "كهربائية"
FROM سيارات
1		سيارة 1		200.000000		غير معروف
2		سيارة 2		400.000000		غير معروف
4		سيارة 4م		400.000000		غير معروف
5		سيارة 5		1000.000000		غير معروف
6		سيارة 6		1200.000000		تقليدية
7		سيارة 7		1400.000000		تقليدية
8		سيارة 8		1600.000000		تقليدية
9		سيارة 9		1800.000000		تقليدية
10		سيارة 10		2000.000000		تقليدية
11		سيارة 11		2200.000000		تقليدية
12		سيارة 12		2400.000000		تقليدية
13		سيارة 13		2600.000000		تقليدية
14		سيارة 14		2800.000000		تقليدية
15		سيارة 15		3000.000000		تقليدية
16		سيارة 16		3200.000000		كهربائية
17		سيارة 17		3400.000000		كهربائية
18		سيارة 18		3600.000000		كهربائية
19		سيارة 19		3800.000000		كهربائية
20		BMW		90.000000		كهربائية
21		سيارة 21		4200.000000		كهربائية
22		سيارة 22		4400.000000		كهربائية
23		سيارة 23		4600.000000		كهربائية
29		سيارة 29		5800.000000		كهربائية

[32m>> Executing SQL:[0m
SELECT "المعرف", "الاسم", "سعر_السيارة", "كهربائية"
FROM سيارات
WHERE NOT ("المعرف" > 10)
1		سيارة 1		200.000000		غير معروف
2		سيارة 2		400.000000		غير معروف
4		سيارة 4م		400.000000		غير معروف
5		سيارة 5		1000.000000		غير معروف
6		سيارة 6		1200.000000		تقليدية
7		سيارة 7		1400.000000		تقليدية
8		سيارة 8		1600.000000		تقليدية
9		سيارة 9		1800.000000		تقليدية
10		سيارة 10		2000.000000		تقليدية

[32m>> Executing SQL:[0m
SELECT "المعرف", "الاسم", "سعر_السيارة", "كهربائية"
FROM سيارات
WHERE NOT ("المعرف" in (1 , 2 , 5 , 7))
4		سيارة 4م		400.000000		غير معروف
6		سيارة 6		1200.000000		تقليدية
8		سيارة 8		1600.000000		تقليدية
9		سيارة 9		1800.000000		تقليدية
10		سيارة 10		2000.000000		تقليدية
11		سيارة 11		2200.000000		تقليدية
12		سيارة 12		2400.000000		تقليدية
13		سيارة 13		2600.000000		تقليدية
14		سيارة 14		2800.000000		تقليدية
15		سيارة 15		3000.000000		تقليدية
16		سيارة 16		3200.000000		كهربائية
17		سيارة 17		3400.000000		كهربائية
18		سيارة 18		3600.000000		كهربائية
19		سيارة 19		3800.000000		كهربائية
20		BMW		90.000000		كهربائية
21		سيارة 21		4200.000000		كهربائية
22		سيارة 22		4400.000000		كهربائية
23		سيارة 23		4600.000000		كهربائية
29		سيارة 29		5800.000000		كهربائية

[32m>> Executing SQL:[0m
SELECT "المعرف", "الاسم", "سعر_السيارة", "كهربائية"
FROM سيارات
WHERE "المعرف" in (1 , 2 , 4 , 5 , 7)
ORDER BY "سعر_السيارة" DESC, "المعرف"
7		سيارة 7		1400.000000		تقليدية
5		سيارة 5		1000.000000		غير معروف
2		سيارة 2		400.000000		غير معروف
4		سيارة 4م		400.000000		غير معروف
1		سيارة 1		200.000000		غير معروف

[32m>> Executing SQL:[0m
SELECT "المعرف", "الاسم", "سعر_السيارة", "كهربائية"
FROM سيارات
WHERE "المعرف" in (1 , 2 , 4 , 5 , 7)
ORDER BY "سعر_السيارة" DESC, "المعرف" DESC
7		سيارة 7		1400.000000		تقليدية
5		سيارة 5		1000.000000		غير معروف
4		سيارة 4م		400.000000		غير معروف
2		سيارة 2		400.000000		غير معروف
1		سيارة 1		200.000000		غير معروف



>>>>>> مطابقة_بوستغرس.أسس

[32m>> Executing SQL:[0m
drop table if exists table_versions
[32m>> Executing SQL:[0m
drop table if exists "سيارات"
[32m>> Executing SQL:[0m
CREATE TABLE IF NOT EXISTS table_versions (name VARCHAR(256) PRIMARY KEY,version INTEGER NOT NULL)
[32m>> Executing SQL:[0m
SELECT name, version FROM table_versions
[32m>> Executing SQL:[0m
CREATE TABLE IF NOT EXISTS "سيارات"(
"المعرف" integer NOT NULL,
"الاسم" varchar(50),
"سعر_السيارة" double precision,
"كهربائية" boolean,
"تاريخ_الإنشاء" timestamp,
PRIMARY KEY ("المعرف")
);
[32m>> Executing SQL:[0m
INSERT INTO table_versions(name, version) VALUES ('سيارات', 1)
[32m>> Executing SQL:[0m
DELETE FROM سيارات
[32m>> Executing SQL:[0m
INSERT INTO سيارات("المعرف", "الاسم", "سعر_السيارة", "كهربائية", "تاريخ_الإنشاء")
VALUES (1, 'سيارة 1', 200.000000, '0', '2023-02-18 10:57:33')
[32m>> Executing SQL:[0m
INSERT INTO سيارات("المعرف", "الاسم", "سعر_السيارة", "كهربائية", "تاريخ_الإنشاء")
VALUES (2, 'سيارة 2', 400.000000, '0', null)
[32m>> Executing SQL:[0m
INSERT INTO سيارات("المعرف", "الاسم", "سعر_السيارة", "كهربائية", "تاريخ_الإنشاء")
VALUES (3, 'سيارة 3', 600.000000, '0', null)
[32m>> Executing SQL:[0m
INSERT INTO سيارات("المعرف", "الاسم", "سعر_السيارة", "كهربائية", "تاريخ_الإنشاء")
VALUES (4, 'سيارة 4', 800.000000, '0', null)
[32m>> Executing SQL:[0m
INSERT INTO سيارات("المعرف", "الاسم", "سعر_السيارة", "كهربائية", "تاريخ_الإنشاء")
VALUES (5, 'سيارة 5', 1000.000000, '0', null)
[32m>> Executing SQL:[0m
INSERT INTO سيارات("المعرف", "الاسم", "سعر_السيارة", "كهربائية", "تاريخ_الإنشاء")
VALUES (6, 'سيارة 6', 1200.000000, '0', null)
[32m>> Executing SQL:[0m
INSERT INTO سيارات("المعرف", "الاسم", "سعر_السيارة", "كهربائية", "تاريخ_الإنشاء")
VALUES (7, 'سيارة 7', 1400.000000, '0', null)
[32m>> Executing SQL:[0m
INSERT INTO سيارات("المعرف", "الاسم", "سعر_السيارة", "كهربائية", "تاريخ_الإنشاء")
VALUES (8, 'سيارة 8', 1600.000000, '0', null)
[32m>> Executing SQL:[0m
INSERT INTO سيارات("المعرف", "الاسم", "سعر_السيارة", "كهربائية", "تاريخ_الإنشاء")
VALUES (9, 'سيارة 9', 1800.000000, '0', null)
[32m>> Executing SQL:[0m
INSERT INTO سيارات("المعرف", "الاسم", "سعر_السيارة", "كهربائية", "تاريخ_الإنشاء")
VALUES (10, 'سيارة 10', 2000.000000, '0', null)
[32m>> Executing SQL:[0m
INSERT INTO سيارات("المعرف", "الاسم", "سعر_السيارة", "كهربائية", "تاريخ_الإنشاء")
VALUES (11, 'سيارة 11', 2200.000000, '0', null)
[32m>> Executing SQL:[0m
INSERT INTO سيارات("المعرف", "الاسم", "سعر_السيارة", "كهربائية", "تاريخ_الإنشاء")
VALUES (12, 'سيارة 12', 2400.000000, '0', null)
[32m>> Executing SQL:[0m
INSERT INTO سيارات("المعرف", "الاسم", "سعر_السيارة", "كهربائية", "تاريخ_الإنشاء")
VALUES (13, 'سيارة 13', 2600.000000, '0', null)
[32m>> Executing SQL:[0m
INSERT INTO سيارات("المعرف", "الاسم", "سعر_السيارة", "كهربائية", "تاريخ_الإنشاء")
VALUES (14, 'سيارة 14', 2800.000000, '0', null)
[32m>> Executing SQL:[0m
INSERT INTO سيارات("المعرف", "الاسم", "سعر_السيارة", "كهربائية", "تاريخ_الإنشاء")
VALUES (15, 'سيارة 15', 3000.000000, '0', null)
[32m>> Executing SQL:[0m
INSERT INTO سيارات("المعرف", "الاسم", "سعر_السيارة", "كهربائية", "تاريخ_الإنشاء")
VALUES (16, 'سيارة 16', 3200.000000, '1', null)
[32m>> Executing SQL:[0m
INSERT INTO سيارات("المعرف", "الاسم", "سعر_السيارة", "كهربائية", "تاريخ_الإنشاء")
VALUES (17, 'سيارة 17', 3400.000000, '1', null)
[32m>> Executing SQL:[0m
INSERT INTO سيارات("المعرف", "الاسم", "سعر_السيارة", "كهربائية", "تاريخ_الإنشاء")
VALUES (18, 'سيارة 18', 3600.000000, '1', null)
[32m>> Executing SQL:[0m
INSERT INTO سيارات("المعرف", "الاسم", "سعر_السيارة", "كهربائية", "تاريخ_الإنشاء")
VALUES (19, 'سيارة 19', 3800.000000, '1', null)
[32m>> Executing SQL:[0m
INSERT INTO سيارات("المعرف", "الاسم", "سعر_السيارة", "كهربائية", "تاريخ_الإنشاء")
VALUES (20, 'سيارة 20', 4000.000000, '1', null)
[32m>> Executing SQL:[0m
INSERT INTO سيارات("المعرف", "الاسم", "سعر_السيارة", "كهربائية", "تاريخ_الإنشاء")
VALUES (21, 'سيارة 21', 4200.000000, '1', null)
[32m>> Executing SQL:[0m
INSERT INTO سيارات("المعرف", "الاسم", "سعر_السيارة", "كهربائية", "تاريخ_الإنشاء")
VALUES (22, 'سيارة 22', 4400.000000, '1', null)
[32m>> Executing SQL:[0m
INSERT INTO سيارات("المعرف", "الاسم", "سعر_السيارة", "كهربائية", "تاريخ_الإنشاء")
VALUES (23, 'سيارة 23', 4600.000000, '1', null)
[32m>> Executing SQL:[0m
INSERT INTO سيارات("المعرف", "الاسم", "سعر_السيارة", "كهربائية", "تاريخ_الإنشاء")
VALUES (24, 'سيارة 24', 4800.000000, '1', null)
[32m>> Executing SQL:[0m
INSERT INTO سيارات("المعرف", "الاسم", "سعر_السيارة", "كهربائية", "تاريخ_الإنشاء")
VALUES (25, 'سيارة 25', 5000.000000, '1', null)
[32m>> Executing SQL:[0m
INSERT INTO سيارات("المعرف", "الاسم", "سعر_السيارة", "كهربائية", "تاريخ_الإنشاء")
VALUES (26, 'سيارة 26', 5200.000000, '1', null)
[32m>> Executing SQL:[0m
INSERT INTO سيارات("المعرف", "الاسم", "سعر_السيارة", "كهربائية", "تاريخ_الإنشاء")
VALUES (27, 'سيارة 27', 5400.000000, '1', null)
[32m>> Executing SQL:[0m
INSERT INTO سيارات("المعرف", "الاسم", "سعر_السيارة", "كهربائية", "تاريخ_الإنشاء")
VALUES (28, 'سيارة 28', 5600.000000, '1', null)
[32m>> Executing SQL:[0m
INSERT INTO سيارات("المعرف", "الاسم", "سعر_السيارة", "كهربائية", "تاريخ_الإنشاء")
VALUES (29, 'سيارة 29', 5800.000000, '1', null)

[32m>> Executing SQL:[0m
SELECT "المعرف", "الاسم", "سعر_السيارة", "كهربائية", "تاريخ_الإنشاء"
FROM سيارات
WHERE ("سعر_السيارة" < 1000.000000 or "سعر_السيارة" > 5000.000000) and "المعرف" > 2
ORDER BY "المعرف"
3		سيارة 3		600.000000		تقليدية
4		سيارة 4		800.000000		تقليدية
26		سيارة 26		5200.000000		كهربائية
27		سيارة 27		5400.000000		كهربائية
28		سيارة 28		5600.000000		كهربائية
29		سيارة 29		5800.000000		كهربائية

[32m>> Executing SQL:[0m
DELETE FROM سيارات WHERE "المعرف" = 3;
[32m>> Executing SQL:[0m
UPDATE سيارات
SET "المعرف" = 4, "الاسم" = 'سيارة 4م', "سعر_السيارة" = 400.000000, "كهربائية" = '0', "تاريخ_الإنشاء" = null
WHERE "المعرف" = 4
[32m>> Executing SQL:[0m
UPDATE سيارات
SET "سعر_السيارة" = 90.000000, "الاسم" = 'BMW'
WHERE "المعرف" = 20
[32m>> Executing SQL:[0m
DELETE FROM سيارات WHERE "المعرف" > 23 and "المعرف" <= 28;
[32m>> Executing SQL:[0m
SELECT "المعرف", "الاسم", "سعر_السيارة", "كهربائية", "تاريخ_الإنشاء"
FROM سيارات
ORDER BY "المعرف"
1		سيارة 1		200.000000		تقليدية		2023-02-18 10:57:33
2		سيارة 2		400.000000		تقليدية
4		سيارة 4م		400.000000		تقليدية
5		سيارة 5		1000.000000		تقليدية
6		سيارة 6		1200.000000		تقليدية
7		سيارة 7		1400.000000		تقليدية
8		سيارة 8		1600.000000		تقليدية
9		سيارة 9		1800.000000		تقليدية
10		سيارة 10		2000.000000		تقليدية
11		سيارة 11		2200.000000		تقليدية
12		سيارة 12		2400.000000		تقليدية
13		سيارة 13		2600.000000		تقليدية
14		سيارة 14		2800.000000		تقليدية
15		سيارة 15		3000.000000		تقليدية
16		سيارة 16		3200.000000		كهربائية
17		سيارة 17		3400.000000		كهربائية
18		سيارة 18		3600.000000		كهربائية
19		سيارة 19		3800.000000		كهربائية
20		BMW		90.000000		كهربائية
21		سيارة 21		4200.000000		كهربائية
22		سيارة 22		4400.000000		كهربائية
23		سيارة 23		4600.000000		كهربائية
29		سيارة 29		5800.000000		كهربائية

[32m>> Executing SQL:[0m
SELECT "المعرف", "الاسم", "سعر_السيارة", "كهربائية", "تاريخ_الإنشاء"
FROM سيارات
WHERE NOT ("المعرف" > 10)
ORDER BY "المعرف"
1		سيارة 1		200.000000		تقليدية		2023-02-18 10:57:33
2		سيارة 2		400.000000		تقليدية
4		سيارة 4م		400.000000		تقليدية
5		سيارة 5		1000.000000		تقليدية
6		سيارة 6		1200.000000		تقليدية
7		سيارة 7		1400.000000		تقليدية
8		سيارة 8		1600.000000		تقليدية
9		سيارة 9		1800.000000		تقليدية
10		سيارة 10		2000.000000		تقليدية

[32m>> Executing SQL:[0m
SELECT "المعرف", "الاسم", "سعر_السيارة", "كهربائية", "تاريخ_الإنشاء"
FROM سيارات
WHERE NOT ("المعرف" in (1 , 2 , 5 , 7))
ORDER BY "المعرف"
4		سيارة 4م		400.000000		تقليدية
6		سيارة 6		1200.000000		تقليدية
8		سيارة 8		1600.000000		تقليدية
9		سيارة 9		1800.000000		تقليدية
10		سيارة 10		2000.000000		تقليدية
11		سيارة 11		2200.000000		تقليدية
12		سيارة 12		2400.000000		تقليدية
13		سيارة 13		2600.000000		تقليدية
14		سيارة 14		2800.000000		تقليدية
15		سيارة 15		3000.000000		تقليدية
16		سيارة 16		3200.000000		كهربائية
17		سيارة 17		3400.000000		كهربائية
18		سيارة 18		3600.000000		كهربائية
19		سيارة 19		3800.000000		كهربائية
20		BMW		90.000000		كهربائية
21		سيارة 21		4200.000000		كهربائية
22		سيارة 22		4400.000000		كهربائية
23		سيارة 23		4600.000000		كهربائية
29		سيارة 29		5800.000000		كهربائية

[32m>> Executing SQL:[0m
SELECT "المعرف", "الاسم", "سعر_السيارة", "كهربائية", "تاريخ_الإنشاء"
FROM سيارات
WHERE "المعرف" in (1 , 2 , 4 , 5 , 7)
ORDER BY "سعر_السيارة" DESC, "المعرف"
7		سيارة 7		1400.000000		تقليدية
5		سيارة 5		1000.000000		تقليدية
2		سيارة 2		400.000000		تقليدية
4		سيارة 4م		400.000000		تقليدية
1		سيارة 1		200.000000		تقليدية		2023-02-18 10:57:33

[32m>> Executing SQL:[0m
SELECT "المعرف", "الاسم", "سعر_السيارة", "كهربائية", "تاريخ_الإنشاء"
FROM سيارات
WHERE "المعرف" in (1 , 2 , 4 , 5 , 7)
ORDER BY "سعر_السيارة" DESC, "المعرف" DESC
7		سيارة 7		1400.000000		تقليدية
5		سيارة 5		1000.000000		تقليدية
4		سيارة 4م		400.000000		تقليدية
2		سيارة 2		400.000000		تقليدية
1		سيارة 1		200.000000		تقليدية		2023-02-18 10:57:33



>>>>>> مطابقة_سكويلايت.أسس

[32m>> Executing SQL:[0m
drop table if exists table_versions
[32m>> Executing SQL:[0m
drop table if exists "سيارات"
[32m>> Executing SQL:[0m
CREATE TABLE IF NOT EXISTS table_versions (name VARCHAR(256) PRIMARY KEY,version INTEGER NOT NULL)
[32m>> Executing SQL:[0m
SELECT name, version FROM table_versions
[32m>> Executing SQL:[0m
CREATE TABLE IF NOT EXISTS "سيارات"(
"المعرف" INTEGER NOT NULL,
"الاسم" TEXT(50),
"سعر_السيارة" REAL,
"كهربائية" INTEGER,
PRIMARY KEY ("المعرف")
);
[32m>> Executing SQL:[0m
INSERT INTO table_versions(name, version) VALUES ('سيارات', 1)
[32m>> Executing SQL:[0m
DELETE FROM سيارات
[32m>> Executing SQL:[0m
INSERT INTO سيارات("المعرف", "الاسم", "سعر_السيارة", "كهربائية")
VALUES (1, 'سيارة 1', 200.000000, null)
[32m>> Executing SQL:[0m
INSERT INTO سيارات("المعرف", "الاسم", "سعر_السيارة", "كهربائية")
VALUES (2, 'سيارة 2', 400.000000, null)
[32m>> Executing SQL:[0m
INSERT INTO سيارات("المعرف", "الاسم", "سعر_السيارة", "كهربائية")
VALUES (3, 'سيارة 3', 600.000000, null)
[32m>> Executing SQL:[0m
INSERT INTO سيارات("المعرف", "الاسم", "سعر_السيارة", "كهربائية")
VALUES (4, 'سيارة 4', 800.000000, null)
[32m>> Executing SQL:[0m
INSERT INTO سيارات("المعرف", "الاسم", "سعر_السيارة", "كهربائية")
VALUES (5, 'سيارة 5', 1000.000000, null)
[32m>> Executing SQL:[0m
INSERT INTO سيارات("المعرف", "الاسم", "سعر_السيارة", "كهربائية")
VALUES (6, 'سيارة 6', 1200.000000, '0')
[32m>> Executing SQL:[0m
INSERT INTO سيارات("المعرف", "الاسم", "سعر_السيارة", "كهربائية")
VALUES (7, 'سيارة 7', 1400.000000, '0')
[32m>> Executing SQL:[0m
INSERT INTO سيارات("المعرف", "الاسم", "سعر_السيارة", "كهربائية")
VALUES (8, 'سيارة 8', 1600.000000, '0')
[32m>> Executing SQL:[0m
INSERT INTO سيارات("المعرف", "الاسم", "سعر_السيارة", "كهربائية")
VALUES (9, 'سيارة 9', 1800.000000, '0')
[32m>> Executing SQL:[0m
INSERT INTO سيارات("المعرف", "الاسم", "سعر_السيارة", "كهربائية")
VALUES (10, 'سيارة 10', 2000.000000, '0')
[32m>> Executing SQL:[0m
INSERT INTO سيارات("المعرف", "الاسم", "سعر_السيارة", "كهربائية")
VALUES (11, 'سيارة 11', 2200.000000, '0')
[32m>> Executing SQL:[0m
INSERT INTO سيارات("المعرف", "الاسم", "سعر_السيارة", "كهربائية")
VALUES (12, 'سيارة 12', 2400.000000, '0')
[32m>> Executing SQL:[0m
INSERT INTO سيارات("المعرف", "الاسم", "سعر_السيارة", "كهربائية")
VALUES (13, 'سيارة 13', 2600.000000, '0')
[32m>> Executing SQL:[0m
INSERT INTO سيارات("المعرف", "الاسم", "سعر_السيارة", "كهربائية")
VALUES (14, 'سيارة 14', 2800.000000, '0')
[32m>> Executing SQL:[0m
INSERT INTO سيارات("المعرف", "الاسم", "سعر_السيارة", "كهربائية")
VALUES (15, 'سيارة 15', 3000.000000, '0')
[32m>> Executing SQL:[0m
INSERT INTO سيارات("المعرف", "الاسم", "سعر_السيارة", "كهربائية")
VALUES (16, 'سيارة 16', 3200.000000, '1')
[32m>> Executing SQL:[0m
INSERT INTO سيارات("المعرف", "الاسم", "سعر_السيارة", "كهربائية")
VALUES (17, 'سيارة 17', 3400.000000, '1')
[32m>> Executing SQL:[0m
INSERT INTO سيارات("المعرف", "الاسم", "سعر_السيارة", "كهربائية")
VALUES (18, 'سيارة 18', 3600.000000, '1')
[32m>> Executing SQL:[0m
INSERT INTO سيارات("المعرف", "الاسم", "سعر_السيارة", "كهربائية")
VALUES (19, 'سيارة 19', 3800.000000, '1')
[32m>> Executing SQL:[0m
INSERT INTO سيارات("المعرف", "الاسم", "سعر_السيارة", "كهربائية")
VALUES (20, 'سيارة 20', 4000.000000, '1')
[32m>> Executing SQL:[0m
INSERT INTO سيارات("المعرف", "الاسم", "سعر_السيارة", "كهربائية")
VALUES (21, 'سيارة 21', 4200.000000, '1')
[32m>> Executing SQL:[0m
INSERT INTO سيارات("المعرف", "الاسم", "سعر_السيارة", "كهربائية")
VALUES (22, 'سيارة 22', 4400.000000, '1')
[32m>> Executing SQL:[0m
INSERT INTO سيارات("المعرف", "الاسم", "سعر_السيارة", "كهربائية")
VALUES (23, 'سيارة 23', 4600.000000, '1')
[32m>> Executing SQL:[0m
INSERT INTO سيارات("المعرف", "الاسم", "سعر_السيارة", "كهربائية")
VALUES (24, 'سيارة 24', 4800.000000, '1')
[32m>> Executing SQL:[0m
INSERT INTO سيارات("المعرف", "الاسم", "سعر_السيارة", "كهربائية")
VALUES (25, 'سيارة 25', 5000.000000, '1')
[32m>> Executing SQL:[0m
INSERT INTO سيارات("المعرف", "الاسم", "سعر_السيارة", "كهربائية")
VALUES (26, 'سيارة 26', 5200.000000, '1')
[32m>> Executing SQL:[0m
INSERT INTO سيارات("المعرف", "الاسم", "سعر_السيارة", "كهربائية")
VALUES (27, 'سيارة 27', 5400.000000, '1')
[32m>> Executing SQL:[0m
INSERT INTO سيارات("المعرف", "الاسم", "سعر_السيارة", "كهربائية")
VALUES (28, 'سيارة 28', 5600.000000, '1')
[32m>> Executing SQL:[0m
INSERT INTO سيارات("المعرف", "الاسم", "سعر_السيارة", "كهربائية")
VALUES (29, 'سيارة 29', 5800.000000, '1')

[32m>> Executing SQL:[0m
SELECT "المعرف", "الاسم", "سعر_السيارة", "كهربائية"
FROM سيارات
WHERE ("سعر_السيارة" < 1000.000000 or "سعر_السيارة" > 5000.000000) and "المعرف" > 2
3		سيارة 3		600.000000		غير معروف
4		سيارة 4		800.000000		غير معروف
26		سيارة 26		5200.000000		كهربائية
27		سيارة 27		5400.000000		كهربائية
28		سيارة 28		5600.000000		كهربائية
29		سيارة 29		5800.000000		كهربائية

[32m>> Executing SQL:[0m
DELETE FROM سيارات WHERE "المعرف" = 3;
[32m>> Executing SQL:[0m
UPDATE سيارات
SET "المعرف" = 4, "الاسم" = 'سيارة 4م', "سعر_السيارة" = 400.000000, "كهربائية" = null
WHERE "المعرف" = 4
[32m>> Executing SQL:[0m
UPDATE سيارات
SET "سعر_السيارة" = 90.000000, "الاسم" = 'BMW'
WHERE "المعرف" = 20
[32m>> Executing SQL:[0m
DELETE FROM سيارات WHERE "المعرف" > 23 and "المعرف" <= 28;
[32m>> Executing SQL:[0m
SELECT "المعرف", "الاسم", "سعر_السيارة", "كهربائية"
FROM سيارات
1		سيارة 1		200.000000		غير معروف
2		سيارة 2		400.000000		غير معروف
4		سيارة 4م		400.000000		غير معروف
5		سيارة 5		1000.000000		غير معروف
6		سيارة 6		1200.000000		تقليدية
7		سيارة 7		1400.000000		تقليدية
8		سيارة 8		1600.000000		تقليدية
9		سيارة 9		1800.000000		تقليدية
10		سيارة 10		2000.000000		تقليدية
11		سيارة 11		2200.000000		تقليدية
12		سيارة 12		2400.000000		تقليدية
13		سيارة 13		2600.000000		تقليدية
14		سيارة 14		2800.000000		تقليدية
15		سيارة 15		3000.000000		تقليدية
16		سيارة 16		3200.000000		كهربائية
17		سيارة 17		3400.000000		كهربائية
18		سيارة 18		3600.000000		كهربائية
19		سيارة 19		3800.000000		كهربائية
20		BMW		90.000000		كهربائية
21		سيارة 21		4200.000000		كهربائية
22		سيارة 22		4400.000000		كهربائية
23		سيارة 23		4600.000000		كهربائية
29		سيارة 29		5800.000000		كهربائية

[32m>> Executing SQL:[0m
SELECT "المعرف", "الاسم", "سعر_السيارة", "كهربائية"
FROM سيارات
WHERE NOT ("المعرف" > 10)
1		سيارة 1		200.000000		غير معروف
2		سيارة 2		400.000000		غير معروف
4		سيارة 4م		400.000000		غير معروف
5		سيارة 5		1000.000000		غير معروف
6		سيارة 6		1200.000000		تقليدية
7		سيارة 7		1400.000000		تقليدية
8		سيارة 8		1600.000000		تقليدية
9		سيارة 9		1800.000000		تقليدية
10		سيارة 10		2000.000000		تقليدية

[32m>> Executing SQL:[0m
SELECT "المعرف", "الاسم", "سعر_السيارة", "كهربائية"
FROM سيارات
WHERE NOT ("المعرف" in (1 , 2 , 5 , 7))
4		سيارة 4م		400.000000		غير معروف
6		سيارة 6		1200.000000		تقليدية
8		سيارة 8		1600.000000		تقليدية
9		سيارة 9		1800.000000		تقليدية
10		سيارة 10		2000.000000		تقليدية
11		سيارة 11		2200.000000		تقليدية
12		سيارة 12		2400.000000		تقليدية
13		سيارة 13		2600.000000		تقليدية
14		سيارة 14		2800.000000		تقليدية
15		سيارة 15		3000.000000		تقليدية
16		سيارة 16		3200.000000		كهربائية
17		سيارة 17		3400.000000		كهربائية
18		سيارة 18		3600.000000		كهربائية
19		سيارة 19		3800.000000		كهربائية
20		BMW		90.000000		كهربائية
21		سيارة 21		4200.000000		كهربائية
22		سيارة 22		4400.000000		كهربائية
23		سيارة 23		4600.000000		كهربائية
29		سيارة 29		5800.000000		كهربائية

[32m>> Executing SQL:[0m
SELECT "المعرف", "الاسم", "سعر_السيارة", "كهربائية"
FROM سيارات
WHERE "المعرف" in (1 , 2 , 4 , 5 , 7)
ORDER BY "سعر_السيارة" DESC, "المعرف"
7		سيارة 7		1400.000000		تقليدية
5		سيارة 5		1000.000000		غير معروف
2		سيارة 2		400.000000		غير معروف
4		سيارة 4م		400.000000		غير معروف
1		سيارة 1		200.000000		غير معروف

[32m>> Executing SQL:[0m
SELECT "المعرف", "الاسم", "سعر_السيارة", "كهربائية"
FROM سيارات
WHERE "المعرف" in (1 , 2 , 4 , 5 , 7)
ORDER BY "سعر_السيارة" DESC, "المعرف" DESC
7		سيارة 7		1400.000000		تقليدية
5		سيارة 5		1000.000000		غير معروف
4		سيارة 4م		400.000000		غير معروف
2		سيارة 2		400.000000		غير معروف
1		سيارة 1		200.000000		غير معروف



>>>>>> migrations.alusus

[32m>> Executing SQL:[0m
drop table if exists table_versions
[32m>> Executing SQL:[0m
drop table if exists vehicles
[32m>> Executing SQL:[0m
drop table if exists prices


<<< TEST 1 >>>

[32m>> Executing SQL:[0m
CREATE TABLE IF NOT EXISTS table_versions (name VARCHAR(256) PRIMARY KEY,version INTEGER NOT NULL)
[32m>> Executing SQL:[0m
SELECT name, version FROM table_versions
[32m>> Executing SQL:[0m
CREATE TABLE IF NOT EXISTS "vehicles"(
"id" integer NOT NULL,
"name" varchar(50) DEFAULT 'My Car',
"the_price" double precision,
PRIMARY KEY ("id")
);
[32m>> Executing SQL:[0m
INSERT INTO table_versions(name, version) VALUES ('vehicles', 1)
[32m>> Executing SQL:[0m
INSERT INTO vehicles("id", "name", "the_price")
VALUES (1, 'Vehicle 1', 200.000000)
[32m>> Executing SQL:[0m
INSERT INTO vehicles("id", "name", "the_price")
VALUES (2, 'Vehicle 2', 400.000000)
[32m>> Executing SQL:[0m
INSERT INTO vehicles("id", "name", "the_price")
VALUES (3, 'Vehicle 3', 600.000000)
[32m>> Executing SQL:[0m
INSERT INTO vehicles("id", "name", "the_price")
VALUES (4, 'Vehicle 4', 800.000000)
[32m>> Executing SQL:[0m
select * from table_versions
vehicles		1		
[32m>> Executing SQL:[0m
select * from vehicles
1		Vehicle 1		200		
2		Vehicle 2		400		
3		Vehicle 3		600		
4		Vehicle 4		800		


<<< TEST 2 >>>

[32m>> Executing SQL:[0m
CREATE TABLE IF NOT EXISTS table_versions (name VARCHAR(256) PRIMARY KEY,version INTEGER NOT NULL)
[32m>> Executing SQL:[0m
SELECT name, version FROM table_versions
[32m>> Executing SQL:[0m
alter table vehicles add column year integer
[32m>> Executing SQL:[0m
UPDATE table_versions SET version = 2 WHERE name = 'vehicles'
[32m>> Executing SQL:[0m
UPDATE vehicles
SET "year" = 2012
WHERE "id" = 2
[32m>> Executing SQL:[0m
select * from table_versions
vehicles		2		
[32m>> Executing SQL:[0m
select * from vehicles
1		Vehicle 1		200				
3		Vehicle 3		600				
4		Vehicle 4		800				
2		Vehicle 2		400		2012		


<<< TEST 3 >>>

[32m>> Executing SQL:[0m
CREATE TABLE IF NOT EXISTS table_versions (name VARCHAR(256) PRIMARY KEY,version INTEGER NOT NULL)
[32m>> Executing SQL:[0m
SELECT name, version FROM table_versions
[32m>> Executing SQL:[0m
CREATE TABLE IF NOT EXISTS "prices"(
"price_id" integer NOT NULL,
"price" double precision,
PRIMARY KEY ("price_id")
);
[32m>> Executing SQL:[0m
INSERT INTO table_versions(name, version) VALUES ('prices', 1)
[32m>> Executing SQL:[0m
insert into prices select id as price_id, the_price as price from vehicles
[32m>> Executing SQL:[0m
UPDATE table_versions SET version = 3 WHERE name = 'vehicles'
[32m>> Executing SQL:[0m
alter table vehicles drop column the_price
[32m>> Executing SQL:[0m
UPDATE table_versions SET version = 4 WHERE name = 'vehicles'
[32m>> Executing SQL:[0m
select * from table_versions
prices		1		
vehicles		4		
[32m>> Executing SQL:[0m
select * from vehicles
1		Vehicle 1				
3		Vehicle 3				
4		Vehicle 4				
2		Vehicle 2		2012		
[32m>> Executing SQL:[0m
select * from prices
1		200		
3		600		
4		800		
2		400		


<<< TEST 4 >>>

[32m>> Executing SQL:[0m
drop table if exists table_versions
[32m>> Executing SQL:[0m
drop table if exists vehicles
[32m>> Executing SQL:[0m
drop table if exists prices
[32m>> Executing SQL:[0m
CREATE TABLE IF NOT EXISTS table_versions (name VARCHAR(256) PRIMARY KEY,version INTEGER NOT NULL)
[32m>> Executing SQL:[0m
SELECT name, version FROM table_versions
[32m>> Executing SQL:[0m
CREATE TABLE IF NOT EXISTS "vehicles"(
"id" integer NOT NULL,
"name" varchar(50) DEFAULT 'My Car',
"the_price" double precision,
"year" integer,
PRIMARY KEY ("id")
);
[32m>> Executing SQL:[0m
INSERT INTO table_versions(name, version) VALUES ('vehicles', 2)
[32m>> Executing SQL:[0m
INSERT INTO vehicles("id", "name", "the_price", "year")
VALUES (1, 'Vehicle 1', 200.000000, 0)
[32m>> Executing SQL:[0m
INSERT INTO vehicles("id", "name", "the_price", "year")
VALUES (2, 'Vehicle 2', 400.000000, 0)
[32m>> Executing SQL:[0m
INSERT INTO vehicles("id", "name", "the_price", "year")
VALUES (3, 'Vehicle 3', 600.000000, 0)
[32m>> Executing SQL:[0m
INSERT INTO vehicles("id", "name", "the_price", "year")
VALUES (4, 'Vehicle 4', 800.000000, 0)
[32m>> Executing SQL:[0m
CREATE TABLE IF NOT EXISTS table_versions (name VARCHAR(256) PRIMARY KEY,version INTEGER NOT NULL)
[32m>> Executing SQL:[0m
SELECT name, version FROM table_versions
[32m>> Executing SQL:[0m
CREATE TABLE IF NOT EXISTS "prices"(
"price_id" integer NOT NULL,
"price" double precision,
PRIMARY KEY ("price_id")
);
[32m>> Executing SQL:[0m
INSERT INTO table_versions(name, version) VALUES ('prices', 1)
[32m>> Executing SQL:[0m
update vehicles set the_price=the_price + 50
[32m>> Executing SQL:[0m
INSERT INTO table_versions(name, version) VALUES ('price_update', 1)
[32m>> Executing SQL:[0m
insert into prices select id as price_id, the_price as price from vehicles
[32m>> Executing SQL:[0m
UPDATE table_versions SET version = 3 WHERE name = 'vehicles'
[32m>> Executing SQL:[0m
alter table vehicles drop column the_price
[32m>> Executing SQL:[0m
UPDATE table_versions SET version = 4 WHERE name = 'vehicles'
[32m>> Executing SQL:[0m
select * from table_versions
prices		1		
price_update		1		
vehicles		4		
[32m>> Executing SQL:[0m
select * from vehicles
1		Vehicle 1		0		
2		Vehicle 2		0		
3		Vehicle 3		0		
4		Vehicle 4		0		
[32m>> Executing SQL:[0m
select * from prices
1		250		
2		450		
3		650		
4		850		


<<< TEST 5 >>>

[32m>> Executing SQL:[0m
drop table if exists table_versions
[32m>> Executing SQL:[0m
drop table if exists vehicles
[32m>> Executing SQL:[0m
drop table if exists prices
[32m>> Executing SQL:[0m
CREATE TABLE IF NOT EXISTS table_versions (name VARCHAR(256) PRIMARY KEY,version INTEGER NOT NULL)
[32m>> Executing SQL:[0m
SELECT name, version FROM table_versions
[32m>> Executing SQL:[0m
CREATE TABLE IF NOT EXISTS "vehicles"(
"id" integer NOT NULL,
"name" varchar(50) DEFAULT 'My Car',
"year" integer,
PRIMARY KEY ("id")
);
[32m>> Executing SQL:[0m
INSERT INTO table_versions(name, version) VALUES ('vehicles', 4)
[32m>> Executing SQL:[0m
CREATE TABLE IF NOT EXISTS "prices"(
"price_id" integer NOT NULL,
"price" double precision,
PRIMARY KEY ("price_id")
);
[32m>> Executing SQL:[0m
INSERT INTO table_versions(name, version) VALUES ('prices', 1)


<<< ERRORS TEST 1 >>>

[32m>> Executing SQL:[0m
CREATE TABLE IF NOT EXISTS table_versions (name VARCHAR(256) PRIMARY KEY,version INTEGER NOT NULL)
[32m>> Executing SQL:[0m
SELECT name, version FROM table_versions
Error: No migration was found for migrating table vehicles from version 4.
[32m>> Executing SQL:[0m
select * from table_versions
vehicles		4		
prices		1		


<<< ERRORS TEST 2 >>>

[32m>> Executing SQL:[0m
CREATE TABLE IF NOT EXISTS table_versions (name VARCHAR(256) PRIMARY KEY,version INTEGER NOT NULL)
[32m>> Executing SQL:[0m
SELECT name, version FROM table_versions
Error: A cycle is detected in migration dependencies
[32m>> Executing SQL:[0m
select * from table_versions
vehicles		4		
prices		1		



>>>>>> مواكبات.أسس

[32m>> Executing SQL:[0m
drop table if exists table_versions
[32m>> Executing SQL:[0m
drop table if exists vehicles
[32m>> Executing SQL:[0m
drop table if exists prices


 <<< اختبار 1 >>>

[32m>> Executing SQL:[0m
CREATE TABLE IF NOT EXISTS table_versions (name VARCHAR(256) PRIMARY KEY,version INTEGER NOT NULL)
[32m>> Executing SQL:[0m
SELECT name, version FROM table_versions
[32m>> Executing SQL:[0m
CREATE TABLE IF NOT EXISTS "vehicles"(
"id" integer NOT NULL,
"name" varchar(50),
"price" double precision,
PRIMARY KEY ("id")
);
[32m>> Executing SQL:[0m
INSERT INTO table_versions(name, version) VALUES ('vehicles', 1)
[32m>> Executing SQL:[0m
INSERT INTO vehicles("id", "name", "price")
VALUES (1, 'سيارة 1', 200.000000)
[32m>> Executing SQL:[0m
INSERT INTO vehicles("id", "name", "price")
VALUES (2, 'سيارة 2', 400.000000)
[32m>> Executing SQL:[0m
INSERT INTO vehicles("id", "name", "price")
VALUES (3, 'سيارة 3', 600.000000)
[32m>> Executing SQL:[0m
INSERT INTO vehicles("id", "name", "price")
VALUES (4, 'سيارة 4', 800.000000)
[32m>> Executing SQL:[0m
select * from table_versions
vehicles		1		
[32m>> Executing SQL:[0m
select * from vehicles
1		سيارة 1		200		
2		سيارة 2		400		
3		سيارة 3		600		
4		سيارة 4		800		


 <<< اختبار 2 >>>

[32m>> Executing SQL:[0m
CREATE TABLE IF NOT EXISTS table_versions (name VARCHAR(256) PRIMARY KEY,version INTEGER NOT NULL)
[32m>> Executing SQL:[0m
SELECT name, version FROM table_versions
[32m>> Executing SQL:[0m
alter table vehicles add column year integer
[32m>> Executing SQL:[0m
UPDATE table_versions SET version = 2 WHERE name = 'vehicles'
[32m>> Executing SQL:[0m
UPDATE vehicles
SET "year" = 2012
WHERE "id" = 2
[32m>> Executing SQL:[0m
select * from table_versions
vehicles		2		
[32m>> Executing SQL:[0m
select * from vehicles
1		سيارة 1		200				
3		سيارة 3		600				
4		سيارة 4		800				
2		سيارة 2		400		2012		



